# JRE version: OpenJDK Runtime Environment Microsoft-12574423 (17.0.17+10) (build 17.0.17+10-LTS)
# Java VM: OpenJDK 64-Bit Server VM Microsoft-12574423 (17.0.17+10-LTS, mixed mode, sharing, tiered, compressed oops, compressed class ptrs, g1 gc, windows-amd64)
GC Precious Log:
 CPUs: 4 total, 4 available
 Memory: 7932M
 Large Page Support: Disabled
 NUMA Support: Disabled
 Compressed Oops: Enabled (32-bit)
 Heap Region Size: 1M
 Heap Min Capacity: 8M
 Heap Initial Capacity: 124M
 Heap Max Capacity: 2G
 Pre-touch: Disabled
 Parallel Workers: 4
 Concurrent Workers: 1
 Concurrent Refinement Workers: 4
 Periodic GC: Disabled
Heap:
 garbage-first heap   total 322560K, used 271267K [0x0000000080000000, 0x0000000100000000)
  region size 1024K, 2 young (2048K), 2 survivors (2048K)
 Metaspace       used 160694K, committed 162304K, reserved 622592K
  class space    used 21444K, committed 22272K, reserved 425984K
GC Heap History (20 events):
Event: 435.629 GC heap after
{Heap after GC invocations=116 (full 0):
 garbage-first heap   total 268288K, used 220368K [0x0000000080000000, 0x0000000100000000)
  region size 1024K, 2 young (2048K), 2 survivors (2048K)
 Metaspace       used 144171K, committed 145792K, reserved 557056K
  class space    used 19447K, committed 20288K, reserved 425984K
}
Event: 435.727 GC heap before
{Heap before GC invocations=116 (full 0):
 garbage-first heap   total 268288K, used 236752K [0x0000000080000000, 0x0000000100000000)
  region size 1024K, 18 young (18432K), 2 survivors (2048K)
 Metaspace       used 144172K, committed 145792K, reserved 557056K
  class space    used 19447K, committed 20288K, reserved 425984K
}
Event: 435.731 GC heap after
{Heap after GC invocations=117 (full 0):
 garbage-first heap   total 268288K, used 220165K [0x0000000080000000, 0x0000000100000000)
  region size 1024K, 1 young (1024K), 1 survivors (1024K)
 Metaspace       used 144172K, committed 145792K, reserved 557056K
  class space    used 19447K, committed 20288K, reserved 425984K
}
Event: 435.854 GC heap before
{Heap before GC invocations=117 (full 0):
 garbage-first heap   total 268288K, used 236549K [0x0000000080000000, 0x0000000100000000)
  region size 1024K, 18 young (18432K), 1 survivors (1024K)
 Metaspace       used 144172K, committed 145792K, reserved 557056K
  class space    used 19447K, committed 20288K, reserved 425984K
}
Event: 435.860 GC heap after
{Heap after GC invocations=118 (full 0):
 garbage-first heap   total 322560K, used 220121K [0x0000000080000000, 0x0000000100000000)
  region size 1024K, 1 young (1024K), 1 survivors (1024K)
 Metaspace       used 144172K, committed 145792K, reserved 557056K
  class space    used 19447K, committed 20288K, reserved 425984K
}
Event: 436.351 GC heap before
{Heap before GC invocations=118 (full 0):
 garbage-first heap   total 322560K, used 285657K [0x0000000080000000, 0x0000000100000000)
  region size 1024K, 65 young (66560K), 1 survivors (1024K)
 Metaspace       used 144174K, committed 145792K, reserved 557056K
  class space    used 19447K, committed 20288K, reserved 425984K
}
Event: 436.355 GC heap after
{Heap after GC invocations=119 (full 0):
 garbage-first heap   total 322560K, used 220443K [0x0000000080000000, 0x0000000100000000)
  region size 1024K, 2 young (2048K), 2 survivors (2048K)
 Metaspace       used 144174K, committed 145792K, reserved 557056K
  class space    used 19447K, committed 20288K, reserved 425984K
}
Event: 441.985 GC heap before
{Heap before GC invocations=119 (full 0):
 garbage-first heap   total 322560K, used 290075K [0x0000000080000000, 0x0000000100000000)
  region size 1024K, 65 young (66560K), 2 survivors (2048K)
 Metaspace       used 153009K, committed 154624K, reserved 622592K
  class space    used 20562K, committed 21376K, reserved 425984K
}
Event: 441.994 GC heap after
{Heap after GC invocations=120 (full 0):
 garbage-first heap   total 322560K, used 221752K [0x0000000080000000, 0x0000000100000000)
  region size 1024K, 3 young (3072K), 3 survivors (3072K)
 Metaspace       used 153009K, committed 154624K, reserved 622592K
  class space    used 20562K, committed 21376K, reserved 425984K
}
Event: 443.266 GC heap before
{Heap before GC invocations=120 (full 0):
 garbage-first heap   total 322560K, used 283192K [0x0000000080000000, 0x0000000100000000)
  region size 1024K, 64 young (65536K), 3 survivors (3072K)
 Metaspace       used 153460K, committed 155072K, reserved 622592K
  class space    used 20615K, committed 21440K, reserved 425984K
}
Event: 443.288 GC heap after
{Heap after GC invocations=121 (full 0):
 garbage-first heap   total 322560K, used 226210K [0x0000000080000000, 0x0000000100000000)
  region size 1024K, 8 young (8192K), 8 survivors (8192K)
 Metaspace       used 153460K, committed 155072K, reserved 622592K
  class space    used 20615K, committed 21440K, reserved 425984K
}
Event: 445.180 GC heap before
{Heap before GC invocations=121 (full 0):
 garbage-first heap   total 322560K, used 293794K [0x0000000080000000, 0x0000000100000000)
  region size 1024K, 59 young (60416K), 8 survivors (8192K)
 Metaspace       used 156205K, committed 157824K, reserved 622592K
  class space    used 21006K, committed 21824K, reserved 425984K
}
Event: 445.209 GC heap after
{Heap after GC invocations=122 (full 0):
 garbage-first heap   total 322560K, used 248841K [0x0000000080000000, 0x0000000100000000)
  region size 1024K, 8 young (8192K), 8 survivors (8192K)
 Metaspace       used 156205K, committed 157824K, reserved 622592K
  class space    used 21006K, committed 21824K, reserved 425984K
}
Event: 445.550 GC heap before
{Heap before GC invocations=122 (full 0):
 garbage-first heap   total 322560K, used 295945K [0x0000000080000000, 0x0000000100000000)
  region size 1024K, 38 young (38912K), 8 survivors (8192K)
 Metaspace       used 159920K, committed 161472K, reserved 622592K
  class space    used 21357K, committed 22144K, reserved 425984K
}
Event: 445.559 GC heap after
{Heap after GC invocations=123 (full 0):
 garbage-first heap   total 322560K, used 258500K [0x0000000080000000, 0x0000000100000000)
  region size 1024K, 4 young (4096K), 4 survivors (4096K)
 Metaspace       used 159920K, committed 161472K, reserved 622592K
  class space    used 21357K, committed 22144K, reserved 425984K
}
Event: 445.567 GC heap before
{Heap before GC invocations=123 (full 0):
 garbage-first heap   total 322560K, used 277956K [0x0000000080000000, 0x0000000100000000)
  region size 1024K, 9 young (9216K), 4 survivors (4096K)
 Metaspace       used 159973K, committed 161600K, reserved 622592K
  class space    used 21361K, committed 22208K, reserved 425984K
}
Event: 445.586 GC heap after
{Heap after GC invocations=124 (full 0):
 garbage-first heap   total 322560K, used 271148K [0x0000000080000000, 0x0000000100000000)
  region size 1024K, 2 young (2048K), 2 survivors (2048K)
 Metaspace       used 159973K, committed 161600K, reserved 622592K
  class space    used 21361K, committed 22208K, reserved 425984K
}
Event: 445.709 GC heap before
{Heap before GC invocations=124 (full 0):
 garbage-first heap   total 322560K, used 286508K [0x0000000080000000, 0x0000000100000000)
  region size 1024K, 15 young (15360K), 2 survivors (2048K)
 Metaspace       used 160448K, committed 162048K, reserved 622592K
  class space    used 21416K, committed 22208K, reserved 425984K
}
Event: 445.713 GC heap after
{Heap after GC invocations=125 (full 0):
 garbage-first heap   total 322560K, used 268408K [0x0000000080000000, 0x0000000100000000)
  region size 1024K, 1 young (1024K), 1 survivors (1024K)
 Metaspace       used 160448K, committed 162048K, reserved 622592K
  class space    used 21416K, committed 22208K, reserved 425984K
}
Event: 445.864 GC heap before
{Heap before GC invocations=125 (full 0):
 garbage-first heap   total 322560K, used 282744K [0x0000000080000000, 0x0000000100000000)
  region size 1024K, 15 young (15360K), 1 survivors (1024K)
 Metaspace       used 160694K, committed 162304K, reserved 622592K
  class space    used 21444K, committed 22272K, reserved 425984K
}

