# JRE version: OpenJDK Runtime Environment Microsoft-12574423 (17.0.17+10) (build 17.0.17+10-LTS)
# Java VM: OpenJDK 64-Bit Server VM Microsoft-12574423 (17.0.17+10-LTS, mixed mode, sharing, tiered, compressed oops, compressed class ptrs, g1 gc, windows-amd64)
GC Precious Log:
 CPUs: 4 total, 4 available
 Memory: 7932M
 Large Page Support: Disabled
 NUMA Support: Disabled
 Compressed Oops: Enabled (32-bit)
 Heap Region Size: 1M
 Heap Min Capacity: 8M
 Heap Initial Capacity: 124M
 Heap Max Capacity: 2G
 Pre-touch: Disabled
 Parallel Workers: 4
 Concurrent Workers: 1
 Concurrent Refinement Workers: 4
 Periodic GC: Disabled
Heap:
 garbage-first heap   total 160768K, used 91426K [0x0000000080000000, 0x0000000100000000)
  region size 1024K, 29 young (29696K), 7 survivors (7168K)
 Metaspace       used 75033K, committed 75968K, reserved 557056K
  class space    used 10627K, committed 11072K, reserved 425984K
GC Heap History (20 events):
Event: 13.971 GC heap before
{Heap before GC invocations=15 (full 0):
 garbage-first heap   total 103424K, used 81346K [0x0000000080000000, 0x0000000100000000)
  region size 1024K, 41 young (41984K), 2 survivors (2048K)
 Metaspace       used 57366K, committed 58112K, reserved 491520K
  class space    used 8096K, committed 8448K, reserved 425984K
}
Event: 13.978 GC heap after
{Heap after GC invocations=16 (full 0):
 garbage-first heap   total 103424K, used 45220K [0x0000000080000000, 0x0000000100000000)
  region size 1024K, 6 young (6144K), 6 survivors (6144K)
 Metaspace       used 57366K, committed 58112K, reserved 491520K
  class space    used 8096K, committed 8448K, reserved 425984K
}
Event: 14.568 GC heap before
{Heap before GC invocations=16 (full 0):
 garbage-first heap   total 103424K, used 86180K [0x0000000080000000, 0x0000000100000000)
  region size 1024K, 41 young (41984K), 6 survivors (6144K)
 Metaspace       used 58171K, committed 58880K, reserved 491520K
  class space    used 8166K, committed 8512K, reserved 425984K
}
Event: 14.577 GC heap after
{Heap after GC invocations=17 (full 0):
 garbage-first heap   total 103424K, used 56524K [0x0000000080000000, 0x0000000100000000)
  region size 1024K, 6 young (6144K), 6 survivors (6144K)
 Metaspace       used 58171K, committed 58880K, reserved 491520K
  class space    used 8166K, committed 8512K, reserved 425984K
}
Event: 15.164 GC heap before
{Heap before GC invocations=17 (full 0):
 garbage-first heap   total 103424K, used 77004K [0x0000000080000000, 0x0000000100000000)
  region size 1024K, 27 young (27648K), 6 survivors (6144K)
 Metaspace       used 59710K, committed 60416K, reserved 491520K
  class space    used 8364K, committed 8704K, reserved 425984K
}
Event: 15.170 GC heap after
{Heap after GC invocations=18 (full 0):
 garbage-first heap   total 103424K, used 58152K [0x0000000080000000, 0x0000000100000000)
  region size 1024K, 3 young (3072K), 3 survivors (3072K)
 Metaspace       used 59710K, committed 60416K, reserved 491520K
  class space    used 8364K, committed 8704K, reserved 425984K
}
Event: 15.557 GC heap before
{Heap before GC invocations=19 (full 0):
 garbage-first heap   total 106496K, used 81704K [0x0000000080000000, 0x0000000100000000)
  region size 1024K, 26 young (26624K), 3 survivors (3072K)
 Metaspace       used 62090K, committed 62912K, reserved 491520K
  class space    used 8712K, committed 9088K, reserved 425984K
}
Event: 15.561 GC heap after
{Heap after GC invocations=20 (full 0):
 garbage-first heap   total 106496K, used 58695K [0x0000000080000000, 0x0000000100000000)
  region size 1024K, 3 young (3072K), 3 survivors (3072K)
 Metaspace       used 62090K, committed 62912K, reserved 491520K
  class space    used 8712K, committed 9088K, reserved 425984K
}
Event: 15.588 GC heap before
{Heap before GC invocations=20 (full 0):
 garbage-first heap   total 106496K, used 60743K [0x0000000080000000, 0x0000000100000000)
  region size 1024K, 5 young (5120K), 3 survivors (3072K)
 Metaspace       used 62202K, committed 63040K, reserved 491520K
  class space    used 8727K, committed 9152K, reserved 425984K
}
Event: 15.592 GC heap after
{Heap after GC invocations=21 (full 0):
 garbage-first heap   total 106496K, used 58391K [0x0000000080000000, 0x0000000100000000)
  region size 1024K, 1 young (1024K), 1 survivors (1024K)
 Metaspace       used 62202K, committed 63040K, reserved 491520K
  class space    used 8727K, committed 9152K, reserved 425984K
}
Event: 15.966 GC heap before
{Heap before GC invocations=21 (full 0):
 garbage-first heap   total 106496K, used 85015K [0x0000000080000000, 0x0000000100000000)
  region size 1024K, 27 young (27648K), 1 survivors (1024K)
 Metaspace       used 63866K, committed 64704K, reserved 491520K
  class space    used 8934K, committed 9344K, reserved 425984K
}
Event: 15.969 GC heap after
{Heap after GC invocations=22 (full 0):
 garbage-first heap   total 106496K, used 59257K [0x0000000080000000, 0x0000000100000000)
  region size 1024K, 2 young (2048K), 2 survivors (2048K)
 Metaspace       used 63866K, committed 64704K, reserved 491520K
  class space    used 8934K, committed 9344K, reserved 425984K
}
Event: 16.368 GC heap before
{Heap before GC invocations=23 (full 0):
 garbage-first heap   total 114688K, used 83833K [0x0000000080000000, 0x0000000100000000)
  region size 1024K, 27 young (27648K), 2 survivors (2048K)
 Metaspace       used 66161K, committed 67008K, reserved 491520K
  class space    used 9330K, committed 9728K, reserved 425984K
}
Event: 16.373 GC heap after
{Heap after GC invocations=24 (full 0):
 garbage-first heap   total 114688K, used 60304K [0x0000000080000000, 0x0000000100000000)
  region size 1024K, 3 young (3072K), 3 survivors (3072K)
 Metaspace       used 66161K, committed 67008K, reserved 491520K
  class space    used 9330K, committed 9728K, reserved 425984K
}
Event: 16.404 GC heap before
{Heap before GC invocations=24 (full 0):
 garbage-first heap   total 114688K, used 62352K [0x0000000080000000, 0x0000000100000000)
  region size 1024K, 5 young (5120K), 3 survivors (3072K)
 Metaspace       used 66264K, committed 67072K, reserved 491520K
  class space    used 9353K, committed 9728K, reserved 425984K
}
Event: 16.409 GC heap after
{Heap after GC invocations=25 (full 0):
 garbage-first heap   total 160768K, used 60398K [0x0000000080000000, 0x0000000100000000)
  region size 1024K, 1 young (1024K), 1 survivors (1024K)
 Metaspace       used 66264K, committed 67072K, reserved 491520K
  class space    used 9353K, committed 9728K, reserved 425984K
}
Event: 18.127 GC heap before
{Heap before GC invocations=25 (full 0):
 garbage-first heap   total 160768K, used 131054K [0x0000000080000000, 0x0000000100000000)
  region size 1024K, 70 young (71680K), 1 survivors (1024K)
 Metaspace       used 69916K, committed 70720K, reserved 491520K
  class space    used 9899K, committed 10304K, reserved 425984K
}
Event: 18.142 GC heap after
{Heap after GC invocations=26 (full 0):
 garbage-first heap   total 160768K, used 65296K [0x0000000080000000, 0x0000000100000000)
  region size 1024K, 6 young (6144K), 6 survivors (6144K)
 Metaspace       used 69916K, committed 70720K, reserved 491520K
  class space    used 9899K, committed 10304K, reserved 425984K
}
Event: 20.184 GC heap before
{Heap before GC invocations=26 (full 0):
 garbage-first heap   total 160768K, used 129808K [0x0000000080000000, 0x0000000100000000)
  region size 1024K, 69 young (70656K), 6 survivors (6144K)
 Metaspace       used 73166K, committed 74048K, reserved 491520K
  class space    used 10308K, committed 10752K, reserved 425984K
}
Event: 20.198 GC heap after
{Heap after GC invocations=27 (full 0):
 garbage-first heap   total 160768K, used 69922K [0x0000000080000000, 0x0000000100000000)
  region size 1024K, 7 young (7168K), 7 survivors (7168K)
 Metaspace       used 73166K, committed 74048K, reserved 491520K
  class space    used 10308K, committed 10752K, reserved 425984K
}

